<?xml version="1.0" encoding="UTF-8"?>
<testsuite xmlns:xsi="http://www.w3.org/2001/XMLSchema-instance" xsi:noNamespaceSchemaLocation="https://maven.apache.org/surefire/maven-surefire-plugin/xsd/surefire-test-report.xsd" name="com.coopercrew.crewconnect.web.GroupchatControllerTest" time="0.837" tests="3" errors="0" skipped="0" failures="0">
  <properties>
[...]
</properties>
  <testcase name="testGetGroupchatByGroupName" classname="com.coopercrew.crewconnect.web.GroupchatControllerTest" time="0.286"/>
  <testcase name="testDeleteUserFromGroupChat" classname="com.coopercrew.crewconnect.web.GroupchatControllerTest" time="0.094"/>
  <testcase name="testGetGroupchatByGroupId" classname="com.coopercrew.crewconnect.web.GroupchatControllerTest" time="0.056"/>
</testsuite>